\BOOKMARK [0][-]{section*.1}{Contents}{}% 1
\BOOKMARK [0][-]{chapter.1}{Indledning}{}% 2
\BOOKMARK [0][-]{chapter.2}{Ambitionsniveau}{}% 3
\BOOKMARK [1][-]{section.2.1}{Karakterer}{chapter.2}% 4
\BOOKMARK [1][-]{section.2.2}{Arbejdstid}{chapter.2}% 5
\BOOKMARK [1][-]{section.2.3}{M\370detider}{chapter.2}% 6
\BOOKMARK [1][-]{section.2.4}{Ansvar}{chapter.2}% 7
\BOOKMARK [0][-]{chapter.3}{Rollefordeling}{}% 8
\BOOKMARK [1][-]{section.3.1}{Product Owner}{chapter.3}% 9
\BOOKMARK [1][-]{section.3.2}{Scrummaster}{chapter.3}% 10
\BOOKMARK [1][-]{section.3.3}{M\370deleder}{chapter.3}% 11
\BOOKMARK [1][-]{section.3.4}{Referenter}{chapter.3}% 12
\BOOKMARK [0][-]{chapter.4}{Disciplin}{}% 13
\BOOKMARK [1][-]{section.4.1}{Fremm\370de}{chapter.4}% 14
\BOOKMARK [1][-]{section.4.2}{Arbejdsopgaver}{chapter.4}% 15
\BOOKMARK [0][-]{chapter.5}{Proces og udvikling}{}% 16
\BOOKMARK [0][-]{chapter.6}{Udarbejdelse af dokumenter}{}% 17
\BOOKMARK [1][-]{section.6.1}{M\370de Indkaldelser og referater}{chapter.6}% 18
\BOOKMARK [1][-]{section.6.2}{Anden Dokumentation}{chapter.6}% 19
\BOOKMARK [0][-]{chapter.7}{Anvendte V\346rkt\370jer}{}% 20
\BOOKMARK [1][-]{section.7.1}{Slack}{chapter.7}% 21
\BOOKMARK [1][-]{section.7.2}{GitHub}{chapter.7}% 22
\BOOKMARK [1][-]{section.7.3}{Google kalender}{chapter.7}% 23
\BOOKMARK [1][-]{section.7.4}{Trello}{chapter.7}% 24
\BOOKMARK [1][-]{section.7.5}{UMLet}{chapter.7}% 25
